23-Mar-2026 15:13:22.272 INFO [main] org.apache.catalina.core.ApplicationContext.log No Spring WebApplicationInitializer types detected on classpath
23-Mar-2026 15:13:23.179 INFO [main] org.apache.catalina.core.ApplicationContext.log Initializing Spring root WebApplicationContext
23-Mar-2026 15:13:27.704 INFO [main] org.apache.catalina.core.ApplicationContext.log Initializing Spring FrameworkServlet 'springDispatcher'
23-Mar-2026 15:13:38.056 INFO [main] org.apache.catalina.core.ApplicationContext.log ContextListener: contextInitialized()
23-Mar-2026 15:13:38.057 INFO [main] org.apache.catalina.core.ApplicationContext.log SessionListener: contextInitialized()
23-Mar-2026 15:13:38.058 INFO [main] org.apache.catalina.core.ApplicationContext.log ContextListener: attributeAdded('StockTicker', 'async.Stockticker@544876ca')
23-Mar-2026 15:45:02.628 INFO [Thread-3] org.apache.catalina.core.ApplicationContext.log Destroying Spring FrameworkServlet 'springDispatcher'
23-Mar-2026 15:45:02.840 INFO [Thread-3] org.apache.catalina.core.ApplicationContext.log Closing Spring root WebApplicationContext
23-Mar-2026 15:45:03.950 INFO [Thread-3] org.apache.catalina.core.ApplicationContext.log SessionListener: contextDestroyed()
23-Mar-2026 15:45:03.950 INFO [Thread-3] org.apache.catalina.core.ApplicationContext.log ContextListener: contextDestroyed()
23-Mar-2026 15:48:30.925 INFO [main] org.apache.catalina.core.ApplicationContext.log No Spring WebApplicationInitializer types detected on classpath
23-Mar-2026 15:48:31.729 INFO [main] org.apache.catalina.core.ApplicationContext.log Initializing Spring root WebApplicationContext
23-Mar-2026 15:48:36.527 INFO [main] org.apache.catalina.core.ApplicationContext.log Initializing Spring FrameworkServlet 'springDispatcher'
23-Mar-2026 15:48:47.627 INFO [main] org.apache.catalina.core.ApplicationContext.log ContextListener: contextInitialized()
23-Mar-2026 15:48:47.627 INFO [main] org.apache.catalina.core.ApplicationContext.log SessionListener: contextInitialized()
23-Mar-2026 15:48:47.629 INFO [main] org.apache.catalina.core.ApplicationContext.log ContextListener: attributeAdded('StockTicker', 'async.Stockticker@63bbd5b1')
23-Mar-2026 16:09:27.676 INFO [Thread-3] org.apache.catalina.core.ApplicationContext.log Destroying Spring FrameworkServlet 'springDispatcher'
23-Mar-2026 16:09:27.897 INFO [Thread-3] org.apache.catalina.core.ApplicationContext.log Closing Spring root WebApplicationContext
23-Mar-2026 16:09:28.988 INFO [Thread-3] org.apache.catalina.core.ApplicationContext.log SessionListener: contextDestroyed()
23-Mar-2026 16:09:28.989 INFO [Thread-3] org.apache.catalina.core.ApplicationContext.log ContextListener: contextDestroyed()
23-Mar-2026 16:10:15.810 INFO [main] org.apache.catalina.core.ApplicationContext.log No Spring WebApplicationInitializer types detected on classpath
23-Mar-2026 16:10:16.883 INFO [main] org.apache.catalina.core.ApplicationContext.log Initializing Spring root WebApplicationContext
23-Mar-2026 16:10:22.282 INFO [main] org.apache.catalina.core.ApplicationContext.log Initializing Spring FrameworkServlet 'springDispatcher'
23-Mar-2026 16:10:29.175 INFO [main] org.apache.catalina.core.ApplicationContext.log ContextListener: contextInitialized()
23-Mar-2026 16:10:29.176 INFO [main] org.apache.catalina.core.ApplicationContext.log SessionListener: contextInitialized()
23-Mar-2026 16:10:29.176 INFO [main] org.apache.catalina.core.ApplicationContext.log ContextListener: attributeAdded('StockTicker', 'async.Stockticker@2b8c2d3b')
