INFO  2026-03-23T15:13:25,999 (?.:) - Job execution threads will use class loader of thread: main 
INFO  2026-03-23T15:13:26,033 (?.:) - Initialized Scheduler Signaller of type: class org.quartz.core.SchedulerSignalerImpl 
INFO  2026-03-23T15:13:26,033 (?.:) - Quartz Scheduler v.1.6.3 created. 
INFO  2026-03-23T15:13:26,036 (?.:) - RAMJobStore initialized. 
INFO  2026-03-23T15:13:26,036 (?.:) - Quartz scheduler 'DefaultQuartzScheduler' initialized from default resource file in Quartz package: 'quartz.properties' 
INFO  2026-03-23T15:13:26,036 (?.:) - Quartz scheduler version: 1.6.3 
INFO  2026-03-23T15:13:26,054 (?.:) - Scheduler DefaultQuartzScheduler_$_NON_CLUSTERED started. 
INFO  2026-03-23T15:13:26,112 (?.:) - Initializing pooled connection manager 
INFO  2026-03-23T15:13:26,113 (?.:) - Looking for Datasource: java:comp/env/jdbc/scadalts 
INFO  2026-03-23T15:13:26,374 (?.:) - DataSource meta: MySQL 5.5.5-10.11.14-MariaDB-0ubuntu0.24.04.1 
INFO  2026-03-23T15:13:30,318 (?.:) - Scada-LTS context starting at: 1774278810317 
INFO  2026-03-23T15:13:30,344 (?.:) - 
**************************************************
*             Welcome to Scada-LTS!              *
**************************************************
* Version: v2.7.8.1
* Build: 14176899126
* Powered by: Scada-LTS team
 
INFO  2026-03-23T15:13:31,561 (?.:) - schemaExist:true 
INFO  2026-03-23T15:13:31,624 (?.:) - BaseLineNotExist:true 
WARN  2026-03-23T15:13:31,644 (?.:) - Use of dots (.) as path separators will be deprecated in Flyway 7. Path: org.scada_lts.dao.migration.mysql 
INFO  2026-03-23T15:13:31,655 (?.:) - Flyway Community Edition 6.5.5 by Redgate 
INFO  2026-03-23T15:13:31,734 (?.:) - Database: jdbc:mysql://localhost:3306/scadalts (MySQL 5.5) 
WARN  2026-03-23T15:13:31,761 (?.:) - Flyway upgrade recommended: MariaDB 10.11 is newer than this version of Flyway and support has not been tested. The latest supported version of MariaDB is 10.4. 
INFO  2026-03-23T15:13:31,796 (?.:) - Creating Schema History table `scadalts`.`schema_version` with baseline ... 
WARN  2026-03-23T15:13:31,933 (?.:) - DB: Name 'schema_version_pk' ignored for PRIMARY key. (SQL State: 42000 - Error Code: 1280) 
INFO  2026-03-23T15:13:32,099 (?.:) - Successfully baselined schema with version: 1 
WARN  2026-03-23T15:13:32,120 (?.:) - Flyway upgrade recommended: MariaDB 10.11 is newer than this version of Flyway and support has not been tested. The latest supported version of MariaDB is 10.4. 
INFO  2026-03-23T15:13:32,148 (?.:) - Successfully validated 30 migrations (execution time 00:00.021s) 
INFO  2026-03-23T15:13:32,163 (?.:) - Current version of schema `scadalts`: 1 
INFO  2026-03-23T15:13:32,169 (?.:) - Migrating schema `scadalts` to version 1.1 - ViewsHierarchy 
INFO  2026-03-23T15:13:32,906 (?.:) - Migrating schema `scadalts` to version 1.2 - SetViewSizeProperties 
INFO  2026-03-23T15:13:33,085 (?.:) - Migrating schema `scadalts` to version 1.3 - SetXidPointHierarchy 
INFO  2026-03-23T15:13:33,390 (?.:) - Migrating schema `scadalts` to version 2.0 - CMP history 
INFO  2026-03-23T15:13:33,527 (?.:) - Migrating schema `scadalts` to version 2.3 - FaultsAndAlarms 
WARN  2026-03-23T15:13:33,537 (?.:) - org.springframework.jdbc.BadSqlGrammarException: StatementCallback; bad SQL grammar [ALTER TABLE dataPoints DROP COLUMN pointName;]; nested exception is java.sql.SQLSyntaxErrorException: Can't DROP COLUMN `pointName`; check that it exists 
WARN  2026-03-23T15:13:33,586 (?.:) - org.springframework.jdbc.BadSqlGrammarException: StatementCallback; bad SQL grammar [ALTER TABLE dataPoints DROP COLUMN plcAlarmLevel;]; nested exception is java.sql.SQLSyntaxErrorException: Can't DROP COLUMN `plcAlarmLevel`; check that it exists 
INFO  2026-03-23T15:13:34,123 (?.:) - Migrating schema `scadalts` to version 2.4 
INFO  2026-03-23T15:13:34,225 (?.:) - Migrating schema `scadalts` to version 2.5 - ScheduledExecuteInactiveEvent 
INFO  2026-03-23T15:13:34,586 (?.:) - Migrating schema `scadalts` to version 2.6 
INFO  2026-03-23T15:13:34,751 (?.:) - Migrating schema `scadalts` to version 2.6.5.0 - ZIndexForViewComponent 
INFO  2026-03-23T15:13:34,938 (?.:) - Migrating schema `scadalts` to version 2.7.0.1 - UserParameters 
INFO  2026-03-23T15:13:35,047 (?.:) - Migrating schema `scadalts` to version 2.7.0.2 - FixViewPermissions 
INFO  2026-03-23T15:13:35,354 (?.:) - Migrating schema `scadalts` to version 2.7.0.3 - AnonymousUser 
INFO  2026-03-23T15:13:35,390 (?.:) - Migrating schema `scadalts` to version 2.7.0.4 - ExtendedDelayForMetaDatapoints 
INFO  2026-03-23T15:13:35,417 (?.:) - Migrating schema `scadalts` to version 2.7.0.4.1 - CorrectProcedurePrcAlarmsNotify 
INFO  2026-03-23T15:13:35,483 (?.:) - Migrating schema `scadalts` to version 2.7.0.4.2 - MultiChangeHistory 
INFO  2026-03-23T15:13:35,570 (?.:) - Migrating schema `scadalts` to version 2.7.0.5 - SynopticPanel 
INFO  2026-03-23T15:13:35,632 (?.:) - Migrating schema `scadalts` to version 2.7.1.0 - UserNames 
INFO  2026-03-23T15:13:35,732 (?.:) - Migrating schema `scadalts` to version 2.7.1.1 - HttpRetriever 
INFO  2026-03-23T15:13:35,759 (?.:) - Migrating schema `scadalts` to version 2.7.1.2 - PurgeLimitStrategyDatapointProperty 
INFO  2026-03-23T15:13:35,840 (?.:) - Migrating schema `scadalts` to version 2.7.1.3 - ExportImportReport 
INFO  2026-03-23T15:13:35,938 (?.:) - Migrating schema `scadalts` to version 2.7.2.1 - MqttPointLocatorUpdateDataPointXid 
INFO  2026-03-23T15:13:35,964 (?.:) - Migrating schema `scadalts` to version 2.7.3.0 - SqlDataSourceUpdate 
INFO  2026-03-23T15:13:35,990 (?.:) - Migrating schema `scadalts` to version 2.7.4.1 - AddSoapServicesUser 
INFO  2026-03-23T15:13:36,013 (?.:) - Migrating schema `scadalts` to version 2.7.5.3 - AddLangToUser 
INFO  2026-03-23T15:13:36,106 (?.:) - Migrating schema `scadalts` to version 2.7.5.3.1 - AddHttpdsUser 
INFO  2026-03-23T15:13:36,132 (?.:) - Migrating schema `scadalts` to version 2.7.5.3.2 - AddFullScreenToUser 
INFO  2026-03-23T15:13:36,303 (?.:) - Migrating schema `scadalts` to version 2.7.5.4.1 - UpdateAbsoluteToRelativeUrlInLinkComponent 
INFO  2026-03-23T15:13:36,354 (?.:) - Migrating schema `scadalts` to version 2.7.6.1 - ChangeLengthLimitForSettingName 
INFO  2026-03-23T15:13:36,442 (?.:) - Migrating schema `scadalts` to version 2.7.7.1 - SqlDataSourceLimit 
INFO  2026-03-23T15:13:36,465 (?.:) - Successfully applied 29 migrations to schema `scadalts` (execution time 00:04.311s) 
WARN  2026-03-23T15:13:36,487 (?.:) - Flyway upgrade recommended: MariaDB 10.11 is newer than this version of Flyway and support has not been tested. The latest supported version of MariaDB is 10.4. 
INFO  2026-03-23T15:13:36,497 (?.:) - Successfully validated 30 migrations (execution time 00:00.008s) 
INFO  2026-03-23T15:13:36,507 (?.:) - Current version of schema `scadalts`: 2.7.7.1 
INFO  2026-03-23T15:13:36,508 (?.:) - Schema `scadalts` is up to date. No migration necessary. 
INFO  2026-03-23T15:13:36,517 (?.:) - Quartz - job-ResetCacheHighestAlarmLevel scheduled, Trigger 'DEFAULT.Quartz - trigger-ResetCacheHighestAlarmLevel':  triggerClass: 'org.quartz.CronTrigger isVolatile: false calendar: 'null' misfireInstruction: 0 nextFireTime: Mon Mar 23 16:00:00 UTC 2026 
INFO  2026-03-23T15:13:36,577 (?.:) - Cache event detectors initialized 
INFO  2026-03-23T15:13:36,589 (?.:) - Cache data points initialized 
INFO  2026-03-23T15:13:36,712 (?.:) - Data source 'TenEast' initialized 
INFO  2026-03-23T15:13:36,803 (?.:) - Data point 'TenEast - AValve' initialized 
INFO  2026-03-23T15:13:36,806 (?.:) - Data point 'TenEast - ProductValve' initialized 
INFO  2026-03-23T15:13:36,807 (?.:) - Data point 'TenEast - AFlow' initialized 
INFO  2026-03-23T15:13:36,808 (?.:) - Data point 'TenEast - ProductFlow' initialized 
INFO  2026-03-23T15:13:36,809 (?.:) - Data point 'TenEast - BValve' initialized 
INFO  2026-03-23T15:13:36,809 (?.:) - Data point 'TenEast - BFlow' initialized 
INFO  2026-03-23T15:13:36,810 (?.:) - Data point 'TenEast - PurgeValve' initialized 
INFO  2026-03-23T15:13:36,811 (?.:) - Data point 'TenEast - PurgeFlow' initialized 
INFO  2026-03-23T15:13:36,811 (?.:) - Data point 'TenEast - Pressure' initialized 
INFO  2026-03-23T15:13:36,812 (?.:) - Data point 'TenEast - Level' initialized 
INFO  2026-03-23T15:13:36,813 (?.:) - Data point 'TenEast - AComp' initialized 
INFO  2026-03-23T15:13:36,813 (?.:) - Data point 'TenEast - BComp' initialized 
INFO  2026-03-23T15:13:36,814 (?.:) - Data point 'TenEast - CComp' initialized 
INFO  2026-03-23T15:13:36,815 (?.:) - Data point 'TenEast - Run' initialized 
INFO  2026-03-23T15:13:36,839 (?.:) - Quartz - job-DataSourcePointsCache scheduled, Trigger 'DEFAULT.Quartz - trigger-DataSourcePointsCache':  triggerClass: 'org.quartz.CronTrigger isVolatile: false calendar: 'null' misfireInstruction: 0 nextFireTime: Mon Mar 23 15:14:00 UTC 2026 
INFO  2026-03-23T15:13:36,891 (?.:) - Cache point hierarchy initialized 
INFO  2026-03-23T15:13:36,942 (?.:) - Cache views initialized 
INFO  2026-03-23T15:13:36,972 (?.:) - Cache views hierarchy initialized 
INFO  2026-03-23T15:13:36,977 (?.:) - Quartz - job-EverySecond scheduled, Trigger 'DEFAULT.Quartz - trigger-EverySecondTrigger':  triggerClass: 'org.quartz.CronTrigger isVolatile: false calendar: 'null' misfireInstruction: 0 nextFireTime: Mon Mar 23 15:13:26 UTC 2026 
INFO  2026-03-23T15:13:36,978 (?.:) - Quartz EverySecond initialized 
INFO  2026-03-23T15:13:36,978 (?.:) - Scada-LTS context started 
INFO  2026-03-23T15:45:02,629 (?.:) - Scada-LTS context terminating 
INFO  2026-03-23T15:45:02,663 (?.:) - Stopping RuntimeManager 
INFO  2026-03-23T15:45:02,668 (?.:) - Data point 'TenEast - AValve' stopped 
INFO  2026-03-23T15:45:02,669 (?.:) - Data point 'TenEast - ProductValve' stopped 
INFO  2026-03-23T15:45:02,669 (?.:) - Data point 'TenEast - AFlow' stopped 
INFO  2026-03-23T15:45:02,669 (?.:) - Data point 'TenEast - ProductFlow' stopped 
INFO  2026-03-23T15:45:02,670 (?.:) - Data point 'TenEast - BValve' stopped 
INFO  2026-03-23T15:45:02,670 (?.:) - Data point 'TenEast - BFlow' stopped 
INFO  2026-03-23T15:45:02,670 (?.:) - Data point 'TenEast - PurgeValve' stopped 
INFO  2026-03-23T15:45:02,670 (?.:) - Data point 'TenEast - PurgeFlow' stopped 
INFO  2026-03-23T15:45:02,671 (?.:) - Data point 'TenEast - Pressure' stopped 
INFO  2026-03-23T15:45:02,671 (?.:) - Data point 'TenEast - Level' stopped 
INFO  2026-03-23T15:45:02,671 (?.:) - Data point 'TenEast - AComp' stopped 
INFO  2026-03-23T15:45:02,671 (?.:) - Data point 'TenEast - BComp' stopped 
INFO  2026-03-23T15:45:02,672 (?.:) - Data point 'TenEast - CComp' stopped 
INFO  2026-03-23T15:45:02,672 (?.:) - Data point 'TenEast - Run' stopped 
INFO  2026-03-23T15:45:02,673 (?.:) - Data source 'TenEast' stopped 
INFO  2026-03-23T15:45:02,673 (?.:) - Stopped RuntimeManager 
INFO  2026-03-23T15:45:02,674 (?.:) - Stopping EventManager 
INFO  2026-03-23T15:45:02,674 (?.:) - Stopped EventManager 
INFO  2026-03-23T15:45:02,674 (?.:) - Stopping BackgroundProcessing 
INFO  2026-03-23T15:45:02,674 (?.:) - Stopped MediumPriorityService 
INFO  2026-03-23T15:45:02,675 (?.:) - Stopped LowPriorityService 
INFO  2026-03-23T15:45:02,675 (?.:) - Stopped BackgroundProcessing 
INFO  2026-03-23T15:45:02,675 (?.:) - Stopping RealTimeTimer 
INFO  2026-03-23T15:45:02,676 (?.:) - Stopped RealTimeTimer 
INFO  2026-03-23T15:45:02,677 (?.:) - Stopping database 
INFO  2026-03-23T15:45:02,683 (?.:) - Unregistered jdbc driver: com.mysql.cj.jdbc.Driver 
INFO  2026-03-23T15:45:02,683 (?.:) - Stopped database 
INFO  2026-03-23T15:45:02,683 (?.:) - Scada-LTS context terminated 
INFO  2026-03-23T15:45:02,868 (?.:) - Quartz - job-DataSourcePointsCache stopped, DEFAULT.Quartz - job-DataSourcePointsCache 
INFO  2026-03-23T15:45:02,868 (?.:) - Quartz - job-EverySecond stopped, DEFAULT.Quartz - job-EverySecond 
INFO  2026-03-23T15:45:02,888 (?.:) - Quartz - job-ResetCacheHighestAlarmLevel stopped, DEFAULT.Quartz - job-ResetCacheHighestAlarmLevel 
INFO  2026-03-23T15:45:02,889 (?.:) - Scheduler DefaultQuartzScheduler_$_NON_CLUSTERED shutting down. 
INFO  2026-03-23T15:45:02,890 (?.:) - Scheduler DefaultQuartzScheduler_$_NON_CLUSTERED paused. 
INFO  2026-03-23T15:45:02,890 (?.:) - Scheduler DefaultQuartzScheduler_$_NON_CLUSTERED shutdown complete. 
INFO  2026-03-23T15:48:34,505 (?.:) - Job execution threads will use class loader of thread: main 
INFO  2026-03-23T15:48:34,534 (?.:) - Initialized Scheduler Signaller of type: class org.quartz.core.SchedulerSignalerImpl 
INFO  2026-03-23T15:48:34,534 (?.:) - Quartz Scheduler v.1.6.3 created. 
INFO  2026-03-23T15:48:34,536 (?.:) - RAMJobStore initialized. 
INFO  2026-03-23T15:48:34,537 (?.:) - Quartz scheduler 'DefaultQuartzScheduler' initialized from default resource file in Quartz package: 'quartz.properties' 
INFO  2026-03-23T15:48:34,537 (?.:) - Quartz scheduler version: 1.6.3 
INFO  2026-03-23T15:48:34,551 (?.:) - Scheduler DefaultQuartzScheduler_$_NON_CLUSTERED started. 
INFO  2026-03-23T15:48:34,604 (?.:) - Initializing pooled connection manager 
INFO  2026-03-23T15:48:34,605 (?.:) - Looking for Datasource: java:comp/env/jdbc/scadalts 
INFO  2026-03-23T15:48:34,951 (?.:) - DataSource meta: MySQL 5.5.5-10.11.14-MariaDB-0ubuntu0.24.04.1 
INFO  2026-03-23T15:48:39,987 (?.:) - Scada-LTS context starting at: 1774280919987 
INFO  2026-03-23T15:48:40,025 (?.:) - 
**************************************************
*             Welcome to Scada-LTS!              *
**************************************************
* Version: v2.7.8.1
* Build: 14176899126
* Powered by: Scada-LTS team
 
INFO  2026-03-23T15:48:41,192 (?.:) - schemaExist:true 
INFO  2026-03-23T15:48:41,264 (?.:) - BaseLineNotExist:true 
WARN  2026-03-23T15:48:41,284 (?.:) - Use of dots (.) as path separators will be deprecated in Flyway 7. Path: org.scada_lts.dao.migration.mysql 
INFO  2026-03-23T15:48:41,292 (?.:) - Flyway Community Edition 6.5.5 by Redgate 
INFO  2026-03-23T15:48:41,339 (?.:) - Database: jdbc:mysql://localhost:3306/scadalts (MySQL 5.5) 
WARN  2026-03-23T15:48:41,355 (?.:) - Flyway upgrade recommended: MariaDB 10.11 is newer than this version of Flyway and support has not been tested. The latest supported version of MariaDB is 10.4. 
INFO  2026-03-23T15:48:41,382 (?.:) - Creating Schema History table `scadalts`.`schema_version` with baseline ... 
WARN  2026-03-23T15:48:41,473 (?.:) - DB: Name 'schema_version_pk' ignored for PRIMARY key. (SQL State: 42000 - Error Code: 1280) 
INFO  2026-03-23T15:48:41,571 (?.:) - Successfully baselined schema with version: 1 
WARN  2026-03-23T15:48:41,592 (?.:) - Flyway upgrade recommended: MariaDB 10.11 is newer than this version of Flyway and support has not been tested. The latest supported version of MariaDB is 10.4. 
INFO  2026-03-23T15:48:41,622 (?.:) - Successfully validated 30 migrations (execution time 00:00.025s) 
INFO  2026-03-23T15:48:41,635 (?.:) - Current version of schema `scadalts`: 1 
INFO  2026-03-23T15:48:41,642 (?.:) - Migrating schema `scadalts` to version 1.1 - ViewsHierarchy 
INFO  2026-03-23T15:48:41,973 (?.:) - Migrating schema `scadalts` to version 1.2 - SetViewSizeProperties 
INFO  2026-03-23T15:48:42,078 (?.:) - Migrating schema `scadalts` to version 1.3 - SetXidPointHierarchy 
INFO  2026-03-23T15:48:42,377 (?.:) - Migrating schema `scadalts` to version 2.0 - CMP history 
INFO  2026-03-23T15:48:42,481 (?.:) - Migrating schema `scadalts` to version 2.3 - FaultsAndAlarms 
WARN  2026-03-23T15:48:42,490 (?.:) - org.springframework.jdbc.BadSqlGrammarException: StatementCallback; bad SQL grammar [ALTER TABLE dataPoints DROP COLUMN pointName;]; nested exception is java.sql.SQLSyntaxErrorException: Can't DROP COLUMN `pointName`; check that it exists 
WARN  2026-03-23T15:48:42,524 (?.:) - org.springframework.jdbc.BadSqlGrammarException: StatementCallback; bad SQL grammar [ALTER TABLE dataPoints DROP COLUMN plcAlarmLevel;]; nested exception is java.sql.SQLSyntaxErrorException: Can't DROP COLUMN `plcAlarmLevel`; check that it exists 
INFO  2026-03-23T15:48:42,979 (?.:) - Migrating schema `scadalts` to version 2.4 
INFO  2026-03-23T15:48:43,085 (?.:) - Migrating schema `scadalts` to version 2.5 - ScheduledExecuteInactiveEvent 
INFO  2026-03-23T15:48:43,468 (?.:) - Migrating schema `scadalts` to version 2.6 
INFO  2026-03-23T15:48:43,650 (?.:) - Migrating schema `scadalts` to version 2.6.5.0 - ZIndexForViewComponent 
INFO  2026-03-23T15:48:43,802 (?.:) - Migrating schema `scadalts` to version 2.7.0.1 - UserParameters 
INFO  2026-03-23T15:48:43,896 (?.:) - Migrating schema `scadalts` to version 2.7.0.2 - FixViewPermissions 
INFO  2026-03-23T15:48:44,283 (?.:) - Migrating schema `scadalts` to version 2.7.0.3 - AnonymousUser 
INFO  2026-03-23T15:48:44,329 (?.:) - Migrating schema `scadalts` to version 2.7.0.4 - ExtendedDelayForMetaDatapoints 
INFO  2026-03-23T15:48:44,374 (?.:) - Migrating schema `scadalts` to version 2.7.0.4.1 - CorrectProcedurePrcAlarmsNotify 
INFO  2026-03-23T15:48:44,446 (?.:) - Migrating schema `scadalts` to version 2.7.0.4.2 - MultiChangeHistory 
INFO  2026-03-23T15:48:44,534 (?.:) - Migrating schema `scadalts` to version 2.7.0.5 - SynopticPanel 
INFO  2026-03-23T15:48:44,598 (?.:) - Migrating schema `scadalts` to version 2.7.1.0 - UserNames 
INFO  2026-03-23T15:48:44,697 (?.:) - Migrating schema `scadalts` to version 2.7.1.1 - HttpRetriever 
INFO  2026-03-23T15:48:44,724 (?.:) - Migrating schema `scadalts` to version 2.7.1.2 - PurgeLimitStrategyDatapointProperty 
INFO  2026-03-23T15:48:44,791 (?.:) - Migrating schema `scadalts` to version 2.7.1.3 - ExportImportReport 
INFO  2026-03-23T15:48:44,890 (?.:) - Migrating schema `scadalts` to version 2.7.2.1 - MqttPointLocatorUpdateDataPointXid 
INFO  2026-03-23T15:48:44,925 (?.:) - Migrating schema `scadalts` to version 2.7.3.0 - SqlDataSourceUpdate 
INFO  2026-03-23T15:48:44,948 (?.:) - Migrating schema `scadalts` to version 2.7.4.1 - AddSoapServicesUser 
INFO  2026-03-23T15:48:44,966 (?.:) - Migrating schema `scadalts` to version 2.7.5.3 - AddLangToUser 
INFO  2026-03-23T15:48:45,059 (?.:) - Migrating schema `scadalts` to version 2.7.5.3.1 - AddHttpdsUser 
INFO  2026-03-23T15:48:45,077 (?.:) - Migrating schema `scadalts` to version 2.7.5.3.2 - AddFullScreenToUser 
INFO  2026-03-23T15:48:45,245 (?.:) - Migrating schema `scadalts` to version 2.7.5.4.1 - UpdateAbsoluteToRelativeUrlInLinkComponent 
INFO  2026-03-23T15:48:45,302 (?.:) - Migrating schema `scadalts` to version 2.7.6.1 - ChangeLengthLimitForSettingName 
INFO  2026-03-23T15:48:45,393 (?.:) - Migrating schema `scadalts` to version 2.7.7.1 - SqlDataSourceLimit 
INFO  2026-03-23T15:48:45,413 (?.:) - Successfully applied 29 migrations to schema `scadalts` (execution time 00:03.785s) 
WARN  2026-03-23T15:48:45,421 (?.:) - Flyway upgrade recommended: MariaDB 10.11 is newer than this version of Flyway and support has not been tested. The latest supported version of MariaDB is 10.4. 
INFO  2026-03-23T15:48:45,432 (?.:) - Successfully validated 30 migrations (execution time 00:00.009s) 
INFO  2026-03-23T15:48:45,441 (?.:) - Current version of schema `scadalts`: 2.7.7.1 
INFO  2026-03-23T15:48:45,442 (?.:) - Schema `scadalts` is up to date. No migration necessary. 
INFO  2026-03-23T15:48:45,454 (?.:) - Quartz - job-ResetCacheHighestAlarmLevel scheduled, Trigger 'DEFAULT.Quartz - trigger-ResetCacheHighestAlarmLevel':  triggerClass: 'org.quartz.CronTrigger isVolatile: false calendar: 'null' misfireInstruction: 0 nextFireTime: Mon Mar 23 16:00:00 UTC 2026 
INFO  2026-03-23T15:48:45,498 (?.:) - Cache event detectors initialized 
INFO  2026-03-23T15:48:45,507 (?.:) - Cache data points initialized 
INFO  2026-03-23T15:48:45,625 (?.:) - Data source 'TenEast' initialized 
INFO  2026-03-23T15:48:45,697 (?.:) - Data point 'TenEast - AValve' initialized 
INFO  2026-03-23T15:48:45,701 (?.:) - Data point 'TenEast - ProductValve' initialized 
INFO  2026-03-23T15:48:45,703 (?.:) - Data point 'TenEast - AFlow' initialized 
INFO  2026-03-23T15:48:45,706 (?.:) - Data point 'TenEast - ProductFlow' initialized 
INFO  2026-03-23T15:48:45,709 (?.:) - Data point 'TenEast - BValve' initialized 
INFO  2026-03-23T15:48:45,711 (?.:) - Data point 'TenEast - BFlow' initialized 
INFO  2026-03-23T15:48:45,713 (?.:) - Data point 'TenEast - PurgeValve' initialized 
INFO  2026-03-23T15:48:45,714 (?.:) - Data point 'TenEast - PurgeFlow' initialized 
INFO  2026-03-23T15:48:45,717 (?.:) - Data point 'TenEast - Pressure' initialized 
INFO  2026-03-23T15:48:45,722 (?.:) - Data point 'TenEast - Level' initialized 
INFO  2026-03-23T15:48:45,725 (?.:) - Data point 'TenEast - AComp' initialized 
INFO  2026-03-23T15:48:45,727 (?.:) - Data point 'TenEast - BComp' initialized 
INFO  2026-03-23T15:48:45,729 (?.:) - Data point 'TenEast - CComp' initialized 
INFO  2026-03-23T15:48:45,730 (?.:) - Data point 'TenEast - Run' initialized 
INFO  2026-03-23T15:48:45,755 (?.:) - Quartz - job-DataSourcePointsCache scheduled, Trigger 'DEFAULT.Quartz - trigger-DataSourcePointsCache':  triggerClass: 'org.quartz.CronTrigger isVolatile: false calendar: 'null' misfireInstruction: 0 nextFireTime: Mon Mar 23 15:49:00 UTC 2026 
INFO  2026-03-23T15:48:45,839 (?.:) - Cache point hierarchy initialized 
INFO  2026-03-23T15:48:45,868 (?.:) - Cache views initialized 
INFO  2026-03-23T15:48:45,899 (?.:) - Cache views hierarchy initialized 
INFO  2026-03-23T15:48:45,900 (?.:) - Quartz - job-EverySecond scheduled, Trigger 'DEFAULT.Quartz - trigger-EverySecondTrigger':  triggerClass: 'org.quartz.CronTrigger isVolatile: false calendar: 'null' misfireInstruction: 0 nextFireTime: Mon Mar 23 15:48:35 UTC 2026 
INFO  2026-03-23T15:48:45,901 (?.:) - Quartz EverySecond initialized 
INFO  2026-03-23T15:48:45,901 (?.:) - Scada-LTS context started 
INFO  2026-03-23T16:00:00,029 (?.:) - ResetCacheHighestAlarmLevel executed in [24] ms 
INFO  2026-03-23T16:09:27,678 (?.:) - Scada-LTS context terminating 
INFO  2026-03-23T16:09:27,712 (?.:) - Stopping RuntimeManager 
INFO  2026-03-23T16:09:27,715 (?.:) - Data point 'TenEast - AValve' stopped 
INFO  2026-03-23T16:09:27,715 (?.:) - Data point 'TenEast - ProductValve' stopped 
INFO  2026-03-23T16:09:27,715 (?.:) - Data point 'TenEast - AFlow' stopped 
INFO  2026-03-23T16:09:27,716 (?.:) - Data point 'TenEast - ProductFlow' stopped 
INFO  2026-03-23T16:09:27,716 (?.:) - Data point 'TenEast - BValve' stopped 
INFO  2026-03-23T16:09:27,716 (?.:) - Data point 'TenEast - BFlow' stopped 
INFO  2026-03-23T16:09:27,716 (?.:) - Data point 'TenEast - PurgeValve' stopped 
INFO  2026-03-23T16:09:27,716 (?.:) - Data point 'TenEast - PurgeFlow' stopped 
INFO  2026-03-23T16:09:27,716 (?.:) - Data point 'TenEast - Pressure' stopped 
INFO  2026-03-23T16:09:27,716 (?.:) - Data point 'TenEast - Level' stopped 
INFO  2026-03-23T16:09:27,717 (?.:) - Data point 'TenEast - AComp' stopped 
INFO  2026-03-23T16:09:27,717 (?.:) - Data point 'TenEast - BComp' stopped 
INFO  2026-03-23T16:09:27,717 (?.:) - Data point 'TenEast - CComp' stopped 
INFO  2026-03-23T16:09:27,717 (?.:) - Data point 'TenEast - Run' stopped 
INFO  2026-03-23T16:09:27,718 (?.:) - Data source 'TenEast' stopped 
INFO  2026-03-23T16:09:27,718 (?.:) - Stopped RuntimeManager 
INFO  2026-03-23T16:09:27,718 (?.:) - Stopping EventManager 
INFO  2026-03-23T16:09:27,718 (?.:) - Stopped EventManager 
INFO  2026-03-23T16:09:27,718 (?.:) - Stopping BackgroundProcessing 
INFO  2026-03-23T16:09:27,719 (?.:) - Stopped MediumPriorityService 
INFO  2026-03-23T16:09:27,719 (?.:) - Stopped LowPriorityService 
INFO  2026-03-23T16:09:27,719 (?.:) - Stopped BackgroundProcessing 
INFO  2026-03-23T16:09:27,719 (?.:) - Stopping RealTimeTimer 
INFO  2026-03-23T16:09:27,720 (?.:) - Stopped RealTimeTimer 
INFO  2026-03-23T16:09:27,720 (?.:) - Stopping database 
INFO  2026-03-23T16:09:27,728 (?.:) - Unregistered jdbc driver: com.mysql.cj.jdbc.Driver 
INFO  2026-03-23T16:09:27,729 (?.:) - Stopped database 
INFO  2026-03-23T16:09:27,729 (?.:) - Scada-LTS context terminated 
INFO  2026-03-23T16:09:27,914 (?.:) - Quartz - job-DataSourcePointsCache stopped, DEFAULT.Quartz - job-DataSourcePointsCache 
INFO  2026-03-23T16:09:27,914 (?.:) - Quartz - job-EverySecond stopped, DEFAULT.Quartz - job-EverySecond 
INFO  2026-03-23T16:09:27,931 (?.:) - Quartz - job-ResetCacheHighestAlarmLevel stopped, DEFAULT.Quartz - job-ResetCacheHighestAlarmLevel 
INFO  2026-03-23T16:09:27,932 (?.:) - Scheduler DefaultQuartzScheduler_$_NON_CLUSTERED shutting down. 
INFO  2026-03-23T16:09:27,932 (?.:) - Scheduler DefaultQuartzScheduler_$_NON_CLUSTERED paused. 
INFO  2026-03-23T16:09:27,935 (?.:) - Scheduler DefaultQuartzScheduler_$_NON_CLUSTERED shutdown complete. 
INFO  2026-03-23T16:10:20,128 (?.:) - Job execution threads will use class loader of thread: main 
INFO  2026-03-23T16:10:20,156 (?.:) - Initialized Scheduler Signaller of type: class org.quartz.core.SchedulerSignalerImpl 
INFO  2026-03-23T16:10:20,156 (?.:) - Quartz Scheduler v.1.6.3 created. 
INFO  2026-03-23T16:10:20,158 (?.:) - RAMJobStore initialized. 
INFO  2026-03-23T16:10:20,159 (?.:) - Quartz scheduler 'DefaultQuartzScheduler' initialized from default resource file in Quartz package: 'quartz.properties' 
INFO  2026-03-23T16:10:20,159 (?.:) - Quartz scheduler version: 1.6.3 
INFO  2026-03-23T16:10:20,174 (?.:) - Scheduler DefaultQuartzScheduler_$_NON_CLUSTERED started. 
INFO  2026-03-23T16:10:20,283 (?.:) - Initializing pooled connection manager 
INFO  2026-03-23T16:10:20,284 (?.:) - Looking for Datasource: java:comp/env/jdbc/scadalts 
INFO  2026-03-23T16:10:20,614 (?.:) - DataSource meta: MySQL 5.5.5-10.11.14-MariaDB-0ubuntu0.24.04.1 
INFO  2026-03-23T16:10:25,388 (?.:) - Scada-LTS context starting at: 1774282225387 
INFO  2026-03-23T16:10:25,412 (?.:) - 
**************************************************
*             Welcome to Scada-LTS!              *
**************************************************
* Version: v2.7.8.1
* Build: 14176899126
* Powered by: Scada-LTS team
 
INFO  2026-03-23T16:10:26,796 (?.:) - schemaExist:true 
INFO  2026-03-23T16:10:26,800 (?.:) - BaseLineNotExist:false 
WARN  2026-03-23T16:10:26,814 (?.:) - Use of dots (.) as path separators will be deprecated in Flyway 7. Path: org.scada_lts.dao.migration.mysql 
INFO  2026-03-23T16:10:26,820 (?.:) - Flyway Community Edition 6.5.5 by Redgate 
INFO  2026-03-23T16:10:26,886 (?.:) - Database: jdbc:mysql://localhost:3306/scadalts (MySQL 5.5) 
WARN  2026-03-23T16:10:26,917 (?.:) - Flyway upgrade recommended: MariaDB 10.11 is newer than this version of Flyway and support has not been tested. The latest supported version of MariaDB is 10.4. 
INFO  2026-03-23T16:10:26,973 (?.:) - Successfully validated 30 migrations (execution time 00:00.038s) 
INFO  2026-03-23T16:10:27,000 (?.:) - Current version of schema `scadalts`: 2.7.7.1 
INFO  2026-03-23T16:10:27,002 (?.:) - Schema `scadalts` is up to date. No migration necessary. 
INFO  2026-03-23T16:10:27,016 (?.:) - Quartz - job-ResetCacheHighestAlarmLevel scheduled, Trigger 'DEFAULT.Quartz - trigger-ResetCacheHighestAlarmLevel':  triggerClass: 'org.quartz.CronTrigger isVolatile: false calendar: 'null' misfireInstruction: 0 nextFireTime: Mon Mar 23 19:00:00 UTC 2026 
INFO  2026-03-23T16:10:27,169 (?.:) - Cache event detectors initialized 
INFO  2026-03-23T16:10:27,180 (?.:) - Cache data points initialized 
INFO  2026-03-23T16:10:27,350 (?.:) - Data source 'TenEast' initialized 
INFO  2026-03-23T16:10:27,462 (?.:) - Data point 'TenEast - AValve' initialized 
INFO  2026-03-23T16:10:27,468 (?.:) - Data point 'TenEast - ProductValve' initialized 
INFO  2026-03-23T16:10:27,474 (?.:) - Data point 'TenEast - AFlow' initialized 
INFO  2026-03-23T16:10:27,486 (?.:) - Data point 'TenEast - ProductFlow' initialized 
INFO  2026-03-23T16:10:27,491 (?.:) - Data point 'TenEast - BValve' initialized 
INFO  2026-03-23T16:10:27,498 (?.:) - Data point 'TenEast - BFlow' initialized 
INFO  2026-03-23T16:10:27,506 (?.:) - Data point 'TenEast - PurgeValve' initialized 
INFO  2026-03-23T16:10:27,511 (?.:) - Data point 'TenEast - PurgeFlow' initialized 
INFO  2026-03-23T16:10:27,517 (?.:) - Data point 'TenEast - Pressure' initialized 
INFO  2026-03-23T16:10:27,521 (?.:) - Data point 'TenEast - Level' initialized 
INFO  2026-03-23T16:10:27,525 (?.:) - Data point 'TenEast - AComp' initialized 
INFO  2026-03-23T16:10:27,528 (?.:) - Data point 'TenEast - BComp' initialized 
INFO  2026-03-23T16:10:27,532 (?.:) - Data point 'TenEast - CComp' initialized 
INFO  2026-03-23T16:10:27,536 (?.:) - Data point 'TenEast - Run' initialized 
INFO  2026-03-23T16:10:27,574 (?.:) - Quartz - job-DataSourcePointsCache scheduled, Trigger 'DEFAULT.Quartz - trigger-DataSourcePointsCache':  triggerClass: 'org.quartz.CronTrigger isVolatile: false calendar: 'null' misfireInstruction: 0 nextFireTime: Mon Mar 23 16:11:00 UTC 2026 
INFO  2026-03-23T16:10:27,687 (?.:) - Cache point hierarchy initialized 
INFO  2026-03-23T16:10:27,794 (?.:) - Cache views initialized 
INFO  2026-03-23T16:10:27,832 (?.:) - Cache views hierarchy initialized 
INFO  2026-03-23T16:10:27,833 (?.:) - Quartz - job-EverySecond scheduled, Trigger 'DEFAULT.Quartz - trigger-EverySecondTrigger':  triggerClass: 'org.quartz.CronTrigger isVolatile: false calendar: 'null' misfireInstruction: 0 nextFireTime: Mon Mar 23 16:10:20 UTC 2026 
INFO  2026-03-23T16:10:27,834 (?.:) - Quartz EverySecond initialized 
INFO  2026-03-23T16:10:27,834 (?.:) - Scada-LTS context started 
INFO  2026-03-23T19:06:40,507 (?.:) - ResetCacheHighestAlarmLevel executed in [53] ms 
INFO  2026-03-23T22:00:00,008 (?.:) - ResetCacheHighestAlarmLevel executed in [6] ms 
INFO  2026-03-24T01:35:55,396 (?.:) - ResetCacheHighestAlarmLevel executed in [8] ms 
INFO  2026-03-24T14:06:59,649 (?.:) - ResetCacheHighestAlarmLevel executed in [43] ms 
INFO  2026-03-24T16:00:00,011 (?.:) - ResetCacheHighestAlarmLevel executed in [9] ms 
INFO  2026-03-24T19:00:00,008 (?.:) - ResetCacheHighestAlarmLevel executed in [7] ms 
INFO  2026-03-24T22:27:00,345 (?.:) - ResetCacheHighestAlarmLevel executed in [15] ms 
INFO  2026-03-25T04:00:29,708 (?.:) - ResetCacheHighestAlarmLevel executed in [70] ms 
INFO  2026-03-25T11:26:51,344 (?.:) - ResetCacheHighestAlarmLevel executed in [7] ms 
INFO  2026-03-25T13:06:21,574 (?.:) - ResetCacheHighestAlarmLevel executed in [41] ms 
INFO  2026-03-25T14:58:09,852 (?.:) - Scada-LTS context terminating 
INFO  2026-03-25T14:58:09,951 (?.:) - Stopping RuntimeManager 
INFO  2026-03-25T14:58:09,961 (?.:) - Data point 'TenEast - AValve' stopped 
INFO  2026-03-25T14:58:09,962 (?.:) - Data point 'TenEast - ProductValve' stopped 
INFO  2026-03-25T14:58:09,962 (?.:) - Data point 'TenEast - AFlow' stopped 
INFO  2026-03-25T14:58:09,962 (?.:) - Data point 'TenEast - ProductFlow' stopped 
INFO  2026-03-25T14:58:09,962 (?.:) - Data point 'TenEast - BValve' stopped 
INFO  2026-03-25T14:58:09,962 (?.:) - Data point 'TenEast - BFlow' stopped 
INFO  2026-03-25T14:58:09,962 (?.:) - Data point 'TenEast - PurgeValve' stopped 
INFO  2026-03-25T14:58:09,962 (?.:) - Data point 'TenEast - PurgeFlow' stopped 
INFO  2026-03-25T14:58:09,963 (?.:) - Data point 'TenEast - Pressure' stopped 
INFO  2026-03-25T14:58:09,963 (?.:) - Data point 'TenEast - Level' stopped 
INFO  2026-03-25T14:58:09,963 (?.:) - Data point 'TenEast - AComp' stopped 
INFO  2026-03-25T14:58:09,963 (?.:) - Data point 'TenEast - BComp' stopped 
INFO  2026-03-25T14:58:09,963 (?.:) - Data point 'TenEast - CComp' stopped 
INFO  2026-03-25T14:58:09,963 (?.:) - Data point 'TenEast - Run' stopped 
INFO  2026-03-25T14:58:09,966 (?.:) - Data source 'TenEast' stopped 
INFO  2026-03-25T14:58:09,967 (?.:) - Stopped RuntimeManager 
INFO  2026-03-25T14:58:09,967 (?.:) - Stopping EventManager 
INFO  2026-03-25T14:58:09,967 (?.:) - Stopped EventManager 
INFO  2026-03-25T14:58:09,967 (?.:) - Stopping BackgroundProcessing 
INFO  2026-03-25T14:58:09,970 (?.:) - Stopped MediumPriorityService 
INFO  2026-03-25T14:58:09,970 (?.:) - Stopped LowPriorityService 
INFO  2026-03-25T14:58:09,970 (?.:) - Stopped BackgroundProcessing 
INFO  2026-03-25T14:58:09,972 (?.:) - Stopping RealTimeTimer 
INFO  2026-03-25T14:58:09,978 (?.:) - Stopped RealTimeTimer 
INFO  2026-03-25T14:58:09,979 (?.:) - Stopping database 
INFO  2026-03-25T14:58:10,011 (?.:) - Unregistered jdbc driver: com.mysql.cj.jdbc.Driver 
INFO  2026-03-25T14:58:10,011 (?.:) - Stopped database 
INFO  2026-03-25T14:58:10,012 (?.:) - Scada-LTS context terminated 
INFO  2026-03-25T14:58:10,338 (?.:) - Quartz - job-DataSourcePointsCache stopped, DEFAULT.Quartz - job-DataSourcePointsCache 
INFO  2026-03-25T14:58:10,338 (?.:) - Quartz - job-EverySecond stopped, DEFAULT.Quartz - job-EverySecond 
INFO  2026-03-25T14:58:10,347 (?.:) - Quartz - job-ResetCacheHighestAlarmLevel stopped, DEFAULT.Quartz - job-ResetCacheHighestAlarmLevel 
INFO  2026-03-25T14:58:10,347 (?.:) - Scheduler DefaultQuartzScheduler_$_NON_CLUSTERED shutting down. 
INFO  2026-03-25T14:58:10,348 (?.:) - Scheduler DefaultQuartzScheduler_$_NON_CLUSTERED paused. 
INFO  2026-03-25T14:58:10,349 (?.:) - Scheduler DefaultQuartzScheduler_$_NON_CLUSTERED shutdown complete. 
