23/3/2026 -- 15:13:05 - <Notice> - This is Suricata version 6.0.10 RELEASE running in SYSTEM mode
23/3/2026 -- 15:13:05 - <Info> - CPUs/cores online: 8
23/3/2026 -- 15:13:05 - <Info> - Found an MTU of 1500 for 'eth2'
23/3/2026 -- 15:13:05 - <Info> - Found an MTU of 1500 for 'eth2'
23/3/2026 -- 15:13:06 - <Info> - fast output device (regular) initialized: fast.log
23/3/2026 -- 15:13:06 - <Info> - eve-log output device (regular) initialized: eve.json
23/3/2026 -- 15:13:06 - <Info> - stats output device (regular) initialized: stats.log
23/3/2026 -- 15:13:06 - <Error> - [ERRCODE: SC_ERR_UNKNOWN_PROTOCOL(124)] - protocol "http2" cannot be used in a signature.  Either detection for this protocol is not yet supported OR detection has been disabled for protocol through the yaml option app-layer.protocols.http2.detection-enabled
23/3/2026 -- 15:13:06 - <Error> - [ERRCODE: SC_ERR_INVALID_SIGNATURE(39)] - error parsing signature "alert http2 any any -> any any (msg:"SURICATA HTTP2 invalid frame header"; flow:established; app-layer-event:http2.invalid_frame_header; classtype:protocol-command-decode; sid:2290000; rev:1;)" from file /etc/suricata/rules/http2-events.rules at line 8
23/3/2026 -- 15:13:06 - <Error> - [ERRCODE: SC_ERR_UNKNOWN_PROTOCOL(124)] - protocol "http2" cannot be used in a signature.  Either detection for this protocol is not yet supported OR detection has been disabled for protocol through the yaml option app-layer.protocols.http2.detection-enabled
23/3/2026 -- 15:13:06 - <Error> - [ERRCODE: SC_ERR_INVALID_SIGNATURE(39)] - error parsing signature "alert http2 any any -> any any (msg:"SURICATA HTTP2 invalid client magic"; flow:established; app-layer-event:http2.invalid_client_magic; classtype:protocol-command-decode; sid:2290001; rev:1;)" from file /etc/suricata/rules/http2-events.rules at line 9
23/3/2026 -- 15:13:06 - <Error> - [ERRCODE: SC_ERR_UNKNOWN_PROTOCOL(124)] - protocol "http2" cannot be used in a signature.  Either detection for this protocol is not yet supported OR detection has been disabled for protocol through the yaml option app-layer.protocols.http2.detection-enabled
23/3/2026 -- 15:13:06 - <Error> - [ERRCODE: SC_ERR_INVALID_SIGNATURE(39)] - error parsing signature "alert http2 any any -> any any (msg:"SURICATA HTTP2 invalid frame data"; flow:established; app-layer-event:http2.invalid_frame_data; classtype:protocol-command-decode; sid:2290002; rev:1;)" from file /etc/suricata/rules/http2-events.rules at line 10
23/3/2026 -- 15:13:06 - <Error> - [ERRCODE: SC_ERR_UNKNOWN_PROTOCOL(124)] - protocol "http2" cannot be used in a signature.  Either detection for this protocol is not yet supported OR detection has been disabled for protocol through the yaml option app-layer.protocols.http2.detection-enabled
23/3/2026 -- 15:13:06 - <Error> - [ERRCODE: SC_ERR_INVALID_SIGNATURE(39)] - error parsing signature "alert http2 any any -> any any (msg:"SURICATA HTTP2 invalid header"; flow:established; app-layer-event:http2.invalid_header; classtype:protocol-command-decode; sid:2290003; rev:1;)" from file /etc/suricata/rules/http2-events.rules at line 11
23/3/2026 -- 15:13:06 - <Error> - [ERRCODE: SC_ERR_UNKNOWN_PROTOCOL(124)] - protocol "http2" cannot be used in a signature.  Either detection for this protocol is not yet supported OR detection has been disabled for protocol through the yaml option app-layer.protocols.http2.detection-enabled
23/3/2026 -- 15:13:06 - <Error> - [ERRCODE: SC_ERR_INVALID_SIGNATURE(39)] - error parsing signature "alert http2 any any -> any any (msg:"SURICATA HTTP2 invalid frame length"; flow:established; app-layer-event:http2.invalid_frame_length; classtype:protocol-command-decode; sid:2290004; rev:1;)" from file /etc/suricata/rules/http2-events.rules at line 12
23/3/2026 -- 15:13:06 - <Error> - [ERRCODE: SC_ERR_UNKNOWN_PROTOCOL(124)] - protocol "http2" cannot be used in a signature.  Either detection for this protocol is not yet supported OR detection has been disabled for protocol through the yaml option app-layer.protocols.http2.detection-enabled
23/3/2026 -- 15:13:06 - <Error> - [ERRCODE: SC_ERR_INVALID_SIGNATURE(39)] - error parsing signature "alert http2 any any -> any any (msg:"SURICATA HTTP2 header frame with extra data"; flow:established; app-layer-event:http2.extra_header_data; classtype:protocol-command-decode; sid:2290005; rev:1;)" from file /etc/suricata/rules/http2-events.rules at line 13
23/3/2026 -- 15:13:06 - <Error> - [ERRCODE: SC_ERR_UNKNOWN_PROTOCOL(124)] - protocol "http2" cannot be used in a signature.  Either detection for this protocol is not yet supported OR detection has been disabled for protocol through the yaml option app-layer.protocols.http2.detection-enabled
23/3/2026 -- 15:13:06 - <Error> - [ERRCODE: SC_ERR_INVALID_SIGNATURE(39)] - error parsing signature "alert http2 any any -> any any (msg:"SURICATA HTTP2 too long frame data"; flow:established; app-layer-event:http2.long_frame_data; classtype:protocol-command-decode; sid:2290006; rev:1;)" from file /etc/suricata/rules/http2-events.rules at line 14
23/3/2026 -- 15:13:06 - <Error> - [ERRCODE: SC_ERR_UNKNOWN_PROTOCOL(124)] - protocol "http2" cannot be used in a signature.  Either detection for this protocol is not yet supported OR detection has been disabled for protocol through the yaml option app-layer.protocols.http2.detection-enabled
23/3/2026 -- 15:13:06 - <Error> - [ERRCODE: SC_ERR_INVALID_SIGNATURE(39)] - error parsing signature "alert http2 any any -> any any (msg:"SURICATA HTTP2 stream identifier reuse"; flow:established; app-layer-event:http2.stream_id_reuse; classtype:protocol-command-decode; sid:2290007; rev:1;)" from file /etc/suricata/rules/http2-events.rules at line 15
23/3/2026 -- 15:13:06 - <Error> - [ERRCODE: SC_ERR_UNKNOWN_PROTOCOL(124)] - protocol "http2" cannot be used in a signature.  Either detection for this protocol is not yet supported OR detection has been disabled for protocol through the yaml option app-layer.protocols.http2.detection-enabled
23/3/2026 -- 15:13:06 - <Error> - [ERRCODE: SC_ERR_INVALID_SIGNATURE(39)] - error parsing signature "alert http2 any any -> any any (msg:"SURICATA HTTP2 invalid HTTP1 settings during upgrade"; flow:established; app-layer-event:http2.invalid_http1_settings; classtype:protocol-command-decode; sid:2290008; rev:1;)" from file /etc/suricata/rules/http2-events.rules at line 16
23/3/2026 -- 15:13:06 - <Error> - [ERRCODE: SC_ERR_UNKNOWN_PROTOCOL(124)] - protocol "http2" cannot be used in a signature.  Either detection for this protocol is not yet supported OR detection has been disabled for protocol through the yaml option app-layer.protocols.http2.detection-enabled
23/3/2026 -- 15:13:06 - <Error> - [ERRCODE: SC_ERR_INVALID_SIGNATURE(39)] - error parsing signature "alert http2 any any -> any any (msg:"SURICATA HTTP2 failed decompression"; flow:established; app-layer-event:http2.failed_decompression; classtype:protocol-command-decode; sid:2290009; rev:1;)" from file /etc/suricata/rules/http2-events.rules at line 17
23/3/2026 -- 15:13:06 - <Info> - 19 rule files processed. 339 rules successfully loaded, 10 rules failed
23/3/2026 -- 15:13:06 - <Info> - Threshold config parsed: 0 rule(s) found
23/3/2026 -- 15:13:06 - <Info> - 339 signatures processed. 0 are IP-only rules, 0 are inspecting packet payload, 162 inspect application layer, 108 are decoder event only
23/3/2026 -- 15:13:06 - <Info> - Going to use 8 thread(s)
23/3/2026 -- 15:13:06 - <Info> - Using unix socket file '/var/run/suricata-command.socket'
23/3/2026 -- 15:13:06 - <Notice> - all 8 packet processing threads, 4 management threads initialized, engine started.
23/3/2026 -- 15:13:06 - <Info> - All AFP capture threads are running.
23/3/2026 -- 15:45:02 - <Notice> - Signal Received.  Stopping engine.
23/3/2026 -- 15:45:03 - <Info> - time elapsed 1916.958s
23/3/2026 -- 15:45:04 - <Info> - Alerts: 2
23/3/2026 -- 15:45:04 - <Info> - cleaning up signature grouping structure... complete
23/3/2026 -- 15:45:04 - <Notice> - Stats for 'eth2':  pkts: 18899, drop: 0 (0.00%), invalid chksum: 0
23/3/2026 -- 15:48:13 - <Notice> - This is Suricata version 6.0.10 RELEASE running in SYSTEM mode
23/3/2026 -- 15:48:13 - <Info> - CPUs/cores online: 8
23/3/2026 -- 15:48:13 - <Info> - Found an MTU of 1500 for 'eth2'
23/3/2026 -- 15:48:13 - <Info> - Found an MTU of 1500 for 'eth2'
23/3/2026 -- 15:48:13 - <Info> - fast output device (regular) initialized: fast.log
23/3/2026 -- 15:48:13 - <Info> - eve-log output device (regular) initialized: eve.json
23/3/2026 -- 15:48:13 - <Info> - stats output device (regular) initialized: stats.log
23/3/2026 -- 15:48:13 - <Error> - [ERRCODE: SC_ERR_UNKNOWN_PROTOCOL(124)] - protocol "http2" cannot be used in a signature.  Either detection for this protocol is not yet supported OR detection has been disabled for protocol through the yaml option app-layer.protocols.http2.detection-enabled
23/3/2026 -- 15:48:13 - <Error> - [ERRCODE: SC_ERR_INVALID_SIGNATURE(39)] - error parsing signature "alert http2 any any -> any any (msg:"SURICATA HTTP2 invalid frame header"; flow:established; app-layer-event:http2.invalid_frame_header; classtype:protocol-command-decode; sid:2290000; rev:1;)" from file /etc/suricata/rules/http2-events.rules at line 8
23/3/2026 -- 15:48:13 - <Error> - [ERRCODE: SC_ERR_UNKNOWN_PROTOCOL(124)] - protocol "http2" cannot be used in a signature.  Either detection for this protocol is not yet supported OR detection has been disabled for protocol through the yaml option app-layer.protocols.http2.detection-enabled
23/3/2026 -- 15:48:13 - <Error> - [ERRCODE: SC_ERR_INVALID_SIGNATURE(39)] - error parsing signature "alert http2 any any -> any any (msg:"SURICATA HTTP2 invalid client magic"; flow:established; app-layer-event:http2.invalid_client_magic; classtype:protocol-command-decode; sid:2290001; rev:1;)" from file /etc/suricata/rules/http2-events.rules at line 9
23/3/2026 -- 15:48:13 - <Error> - [ERRCODE: SC_ERR_UNKNOWN_PROTOCOL(124)] - protocol "http2" cannot be used in a signature.  Either detection for this protocol is not yet supported OR detection has been disabled for protocol through the yaml option app-layer.protocols.http2.detection-enabled
23/3/2026 -- 15:48:13 - <Error> - [ERRCODE: SC_ERR_INVALID_SIGNATURE(39)] - error parsing signature "alert http2 any any -> any any (msg:"SURICATA HTTP2 invalid frame data"; flow:established; app-layer-event:http2.invalid_frame_data; classtype:protocol-command-decode; sid:2290002; rev:1;)" from file /etc/suricata/rules/http2-events.rules at line 10
23/3/2026 -- 15:48:13 - <Error> - [ERRCODE: SC_ERR_UNKNOWN_PROTOCOL(124)] - protocol "http2" cannot be used in a signature.  Either detection for this protocol is not yet supported OR detection has been disabled for protocol through the yaml option app-layer.protocols.http2.detection-enabled
23/3/2026 -- 15:48:13 - <Error> - [ERRCODE: SC_ERR_INVALID_SIGNATURE(39)] - error parsing signature "alert http2 any any -> any any (msg:"SURICATA HTTP2 invalid header"; flow:established; app-layer-event:http2.invalid_header; classtype:protocol-command-decode; sid:2290003; rev:1;)" from file /etc/suricata/rules/http2-events.rules at line 11
23/3/2026 -- 15:48:13 - <Error> - [ERRCODE: SC_ERR_UNKNOWN_PROTOCOL(124)] - protocol "http2" cannot be used in a signature.  Either detection for this protocol is not yet supported OR detection has been disabled for protocol through the yaml option app-layer.protocols.http2.detection-enabled
23/3/2026 -- 15:48:13 - <Error> - [ERRCODE: SC_ERR_INVALID_SIGNATURE(39)] - error parsing signature "alert http2 any any -> any any (msg:"SURICATA HTTP2 invalid frame length"; flow:established; app-layer-event:http2.invalid_frame_length; classtype:protocol-command-decode; sid:2290004; rev:1;)" from file /etc/suricata/rules/http2-events.rules at line 12
23/3/2026 -- 15:48:13 - <Error> - [ERRCODE: SC_ERR_UNKNOWN_PROTOCOL(124)] - protocol "http2" cannot be used in a signature.  Either detection for this protocol is not yet supported OR detection has been disabled for protocol through the yaml option app-layer.protocols.http2.detection-enabled
23/3/2026 -- 15:48:13 - <Error> - [ERRCODE: SC_ERR_INVALID_SIGNATURE(39)] - error parsing signature "alert http2 any any -> any any (msg:"SURICATA HTTP2 header frame with extra data"; flow:established; app-layer-event:http2.extra_header_data; classtype:protocol-command-decode; sid:2290005; rev:1;)" from file /etc/suricata/rules/http2-events.rules at line 13
23/3/2026 -- 15:48:13 - <Error> - [ERRCODE: SC_ERR_UNKNOWN_PROTOCOL(124)] - protocol "http2" cannot be used in a signature.  Either detection for this protocol is not yet supported OR detection has been disabled for protocol through the yaml option app-layer.protocols.http2.detection-enabled
23/3/2026 -- 15:48:13 - <Error> - [ERRCODE: SC_ERR_INVALID_SIGNATURE(39)] - error parsing signature "alert http2 any any -> any any (msg:"SURICATA HTTP2 too long frame data"; flow:established; app-layer-event:http2.long_frame_data; classtype:protocol-command-decode; sid:2290006; rev:1;)" from file /etc/suricata/rules/http2-events.rules at line 14
23/3/2026 -- 15:48:13 - <Error> - [ERRCODE: SC_ERR_UNKNOWN_PROTOCOL(124)] - protocol "http2" cannot be used in a signature.  Either detection for this protocol is not yet supported OR detection has been disabled for protocol through the yaml option app-layer.protocols.http2.detection-enabled
23/3/2026 -- 15:48:13 - <Error> - [ERRCODE: SC_ERR_INVALID_SIGNATURE(39)] - error parsing signature "alert http2 any any -> any any (msg:"SURICATA HTTP2 stream identifier reuse"; flow:established; app-layer-event:http2.stream_id_reuse; classtype:protocol-command-decode; sid:2290007; rev:1;)" from file /etc/suricata/rules/http2-events.rules at line 15
23/3/2026 -- 15:48:13 - <Error> - [ERRCODE: SC_ERR_UNKNOWN_PROTOCOL(124)] - protocol "http2" cannot be used in a signature.  Either detection for this protocol is not yet supported OR detection has been disabled for protocol through the yaml option app-layer.protocols.http2.detection-enabled
23/3/2026 -- 15:48:13 - <Error> - [ERRCODE: SC_ERR_INVALID_SIGNATURE(39)] - error parsing signature "alert http2 any any -> any any (msg:"SURICATA HTTP2 invalid HTTP1 settings during upgrade"; flow:established; app-layer-event:http2.invalid_http1_settings; classtype:protocol-command-decode; sid:2290008; rev:1;)" from file /etc/suricata/rules/http2-events.rules at line 16
23/3/2026 -- 15:48:13 - <Error> - [ERRCODE: SC_ERR_UNKNOWN_PROTOCOL(124)] - protocol "http2" cannot be used in a signature.  Either detection for this protocol is not yet supported OR detection has been disabled for protocol through the yaml option app-layer.protocols.http2.detection-enabled
23/3/2026 -- 15:48:13 - <Error> - [ERRCODE: SC_ERR_INVALID_SIGNATURE(39)] - error parsing signature "alert http2 any any -> any any (msg:"SURICATA HTTP2 failed decompression"; flow:established; app-layer-event:http2.failed_decompression; classtype:protocol-command-decode; sid:2290009; rev:1;)" from file /etc/suricata/rules/http2-events.rules at line 17
23/3/2026 -- 15:48:13 - <Info> - 19 rule files processed. 339 rules successfully loaded, 10 rules failed
23/3/2026 -- 15:48:13 - <Info> - Threshold config parsed: 0 rule(s) found
23/3/2026 -- 15:48:13 - <Info> - 339 signatures processed. 0 are IP-only rules, 0 are inspecting packet payload, 162 inspect application layer, 108 are decoder event only
23/3/2026 -- 15:48:13 - <Info> - Going to use 8 thread(s)
23/3/2026 -- 15:48:13 - <Info> - Using unix socket file '/var/run/suricata-command.socket'
23/3/2026 -- 15:48:13 - <Notice> - all 8 packet processing threads, 4 management threads initialized, engine started.
23/3/2026 -- 15:48:14 - <Info> - All AFP capture threads are running.
23/3/2026 -- 16:09:27 - <Notice> - Signal Received.  Stopping engine.
23/3/2026 -- 16:09:27 - <Info> - time elapsed 1274.017s
23/3/2026 -- 16:09:28 - <Info> - Alerts: 2
23/3/2026 -- 16:09:29 - <Info> - cleaning up signature grouping structure... complete
23/3/2026 -- 16:09:29 - <Notice> - Stats for 'eth2':  pkts: 12443, drop: 0 (0.00%), invalid chksum: 0
23/3/2026 -- 16:09:57 - <Notice> - This is Suricata version 6.0.10 RELEASE running in SYSTEM mode
23/3/2026 -- 16:09:57 - <Info> - CPUs/cores online: 8
23/3/2026 -- 16:09:58 - <Info> - Found an MTU of 1500 for 'eth2'
23/3/2026 -- 16:09:58 - <Info> - Found an MTU of 1500 for 'eth2'
23/3/2026 -- 16:09:58 - <Info> - fast output device (regular) initialized: fast.log
23/3/2026 -- 16:09:58 - <Info> - eve-log output device (regular) initialized: eve.json
23/3/2026 -- 16:09:58 - <Info> - stats output device (regular) initialized: stats.log
23/3/2026 -- 16:09:58 - <Error> - [ERRCODE: SC_ERR_UNKNOWN_PROTOCOL(124)] - protocol "http2" cannot be used in a signature.  Either detection for this protocol is not yet supported OR detection has been disabled for protocol through the yaml option app-layer.protocols.http2.detection-enabled
23/3/2026 -- 16:09:58 - <Error> - [ERRCODE: SC_ERR_INVALID_SIGNATURE(39)] - error parsing signature "alert http2 any any -> any any (msg:"SURICATA HTTP2 invalid frame header"; flow:established; app-layer-event:http2.invalid_frame_header; classtype:protocol-command-decode; sid:2290000; rev:1;)" from file /etc/suricata/rules/http2-events.rules at line 8
23/3/2026 -- 16:09:58 - <Error> - [ERRCODE: SC_ERR_UNKNOWN_PROTOCOL(124)] - protocol "http2" cannot be used in a signature.  Either detection for this protocol is not yet supported OR detection has been disabled for protocol through the yaml option app-layer.protocols.http2.detection-enabled
23/3/2026 -- 16:09:58 - <Error> - [ERRCODE: SC_ERR_INVALID_SIGNATURE(39)] - error parsing signature "alert http2 any any -> any any (msg:"SURICATA HTTP2 invalid client magic"; flow:established; app-layer-event:http2.invalid_client_magic; classtype:protocol-command-decode; sid:2290001; rev:1;)" from file /etc/suricata/rules/http2-events.rules at line 9
23/3/2026 -- 16:09:58 - <Error> - [ERRCODE: SC_ERR_UNKNOWN_PROTOCOL(124)] - protocol "http2" cannot be used in a signature.  Either detection for this protocol is not yet supported OR detection has been disabled for protocol through the yaml option app-layer.protocols.http2.detection-enabled
23/3/2026 -- 16:09:58 - <Error> - [ERRCODE: SC_ERR_INVALID_SIGNATURE(39)] - error parsing signature "alert http2 any any -> any any (msg:"SURICATA HTTP2 invalid frame data"; flow:established; app-layer-event:http2.invalid_frame_data; classtype:protocol-command-decode; sid:2290002; rev:1;)" from file /etc/suricata/rules/http2-events.rules at line 10
23/3/2026 -- 16:09:58 - <Error> - [ERRCODE: SC_ERR_UNKNOWN_PROTOCOL(124)] - protocol "http2" cannot be used in a signature.  Either detection for this protocol is not yet supported OR detection has been disabled for protocol through the yaml option app-layer.protocols.http2.detection-enabled
23/3/2026 -- 16:09:58 - <Error> - [ERRCODE: SC_ERR_INVALID_SIGNATURE(39)] - error parsing signature "alert http2 any any -> any any (msg:"SURICATA HTTP2 invalid header"; flow:established; app-layer-event:http2.invalid_header; classtype:protocol-command-decode; sid:2290003; rev:1;)" from file /etc/suricata/rules/http2-events.rules at line 11
23/3/2026 -- 16:09:58 - <Error> - [ERRCODE: SC_ERR_UNKNOWN_PROTOCOL(124)] - protocol "http2" cannot be used in a signature.  Either detection for this protocol is not yet supported OR detection has been disabled for protocol through the yaml option app-layer.protocols.http2.detection-enabled
23/3/2026 -- 16:09:58 - <Error> - [ERRCODE: SC_ERR_INVALID_SIGNATURE(39)] - error parsing signature "alert http2 any any -> any any (msg:"SURICATA HTTP2 invalid frame length"; flow:established; app-layer-event:http2.invalid_frame_length; classtype:protocol-command-decode; sid:2290004; rev:1;)" from file /etc/suricata/rules/http2-events.rules at line 12
23/3/2026 -- 16:09:58 - <Error> - [ERRCODE: SC_ERR_UNKNOWN_PROTOCOL(124)] - protocol "http2" cannot be used in a signature.  Either detection for this protocol is not yet supported OR detection has been disabled for protocol through the yaml option app-layer.protocols.http2.detection-enabled
23/3/2026 -- 16:09:58 - <Error> - [ERRCODE: SC_ERR_INVALID_SIGNATURE(39)] - error parsing signature "alert http2 any any -> any any (msg:"SURICATA HTTP2 header frame with extra data"; flow:established; app-layer-event:http2.extra_header_data; classtype:protocol-command-decode; sid:2290005; rev:1;)" from file /etc/suricata/rules/http2-events.rules at line 13
23/3/2026 -- 16:09:58 - <Error> - [ERRCODE: SC_ERR_UNKNOWN_PROTOCOL(124)] - protocol "http2" cannot be used in a signature.  Either detection for this protocol is not yet supported OR detection has been disabled for protocol through the yaml option app-layer.protocols.http2.detection-enabled
23/3/2026 -- 16:09:58 - <Error> - [ERRCODE: SC_ERR_INVALID_SIGNATURE(39)] - error parsing signature "alert http2 any any -> any any (msg:"SURICATA HTTP2 too long frame data"; flow:established; app-layer-event:http2.long_frame_data; classtype:protocol-command-decode; sid:2290006; rev:1;)" from file /etc/suricata/rules/http2-events.rules at line 14
23/3/2026 -- 16:09:58 - <Error> - [ERRCODE: SC_ERR_UNKNOWN_PROTOCOL(124)] - protocol "http2" cannot be used in a signature.  Either detection for this protocol is not yet supported OR detection has been disabled for protocol through the yaml option app-layer.protocols.http2.detection-enabled
23/3/2026 -- 16:09:58 - <Error> - [ERRCODE: SC_ERR_INVALID_SIGNATURE(39)] - error parsing signature "alert http2 any any -> any any (msg:"SURICATA HTTP2 stream identifier reuse"; flow:established; app-layer-event:http2.stream_id_reuse; classtype:protocol-command-decode; sid:2290007; rev:1;)" from file /etc/suricata/rules/http2-events.rules at line 15
23/3/2026 -- 16:09:58 - <Error> - [ERRCODE: SC_ERR_UNKNOWN_PROTOCOL(124)] - protocol "http2" cannot be used in a signature.  Either detection for this protocol is not yet supported OR detection has been disabled for protocol through the yaml option app-layer.protocols.http2.detection-enabled
23/3/2026 -- 16:09:58 - <Error> - [ERRCODE: SC_ERR_INVALID_SIGNATURE(39)] - error parsing signature "alert http2 any any -> any any (msg:"SURICATA HTTP2 invalid HTTP1 settings during upgrade"; flow:established; app-layer-event:http2.invalid_http1_settings; classtype:protocol-command-decode; sid:2290008; rev:1;)" from file /etc/suricata/rules/http2-events.rules at line 16
23/3/2026 -- 16:09:58 - <Error> - [ERRCODE: SC_ERR_UNKNOWN_PROTOCOL(124)] - protocol "http2" cannot be used in a signature.  Either detection for this protocol is not yet supported OR detection has been disabled for protocol through the yaml option app-layer.protocols.http2.detection-enabled
23/3/2026 -- 16:09:58 - <Error> - [ERRCODE: SC_ERR_INVALID_SIGNATURE(39)] - error parsing signature "alert http2 any any -> any any (msg:"SURICATA HTTP2 failed decompression"; flow:established; app-layer-event:http2.failed_decompression; classtype:protocol-command-decode; sid:2290009; rev:1;)" from file /etc/suricata/rules/http2-events.rules at line 17
23/3/2026 -- 16:09:58 - <Info> - 19 rule files processed. 339 rules successfully loaded, 10 rules failed
23/3/2026 -- 16:09:58 - <Info> - Threshold config parsed: 0 rule(s) found
23/3/2026 -- 16:09:58 - <Info> - 339 signatures processed. 0 are IP-only rules, 0 are inspecting packet payload, 162 inspect application layer, 108 are decoder event only
23/3/2026 -- 16:09:58 - <Info> - Going to use 8 thread(s)
23/3/2026 -- 16:09:58 - <Info> - Using unix socket file '/var/run/suricata-command.socket'
23/3/2026 -- 16:09:58 - <Notice> - all 8 packet processing threads, 4 management threads initialized, engine started.
23/3/2026 -- 16:09:58 - <Info> - All AFP capture threads are running.
25/3/2026 -- 14:58:10 - <Notice> - Signal Received.  Stopping engine.
25/3/2026 -- 14:58:10 - <Info> - time elapsed 168492.812s
25/3/2026 -- 14:58:12 - <Info> - Alerts: 4
25/3/2026 -- 14:58:12 - <Info> - cleaning up signature grouping structure... complete
25/3/2026 -- 14:58:12 - <Notice> - Stats for 'eth2':  pkts: 596425, drop: 0 (0.00%), invalid chksum: 0
25/3/2026 -- 15:22:53 - <Notice> - This is Suricata version 6.0.10 RELEASE running in SYSTEM mode
25/3/2026 -- 15:22:53 - <Info> - CPUs/cores online: 8
25/3/2026 -- 15:22:53 - <Info> - Found an MTU of 1500 for 'eth2'
25/3/2026 -- 15:22:53 - <Info> - Found an MTU of 1500 for 'eth2'
25/3/2026 -- 15:22:53 - <Info> - fast output device (regular) initialized: fast.log
25/3/2026 -- 15:22:53 - <Info> - eve-log output device (regular) initialized: eve.json
25/3/2026 -- 15:22:53 - <Info> - stats output device (regular) initialized: stats.log
25/3/2026 -- 15:22:53 - <Error> - [ERRCODE: SC_ERR_UNKNOWN_PROTOCOL(124)] - protocol "http2" cannot be used in a signature.  Either detection for this protocol is not yet supported OR detection has been disabled for protocol through the yaml option app-layer.protocols.http2.detection-enabled
25/3/2026 -- 15:22:53 - <Error> - [ERRCODE: SC_ERR_INVALID_SIGNATURE(39)] - error parsing signature "alert http2 any any -> any any (msg:"SURICATA HTTP2 invalid frame header"; flow:established; app-layer-event:http2.invalid_frame_header; classtype:protocol-command-decode; sid:2290000; rev:1;)" from file /etc/suricata/rules/http2-events.rules at line 8
25/3/2026 -- 15:22:53 - <Error> - [ERRCODE: SC_ERR_UNKNOWN_PROTOCOL(124)] - protocol "http2" cannot be used in a signature.  Either detection for this protocol is not yet supported OR detection has been disabled for protocol through the yaml option app-layer.protocols.http2.detection-enabled
25/3/2026 -- 15:22:53 - <Error> - [ERRCODE: SC_ERR_INVALID_SIGNATURE(39)] - error parsing signature "alert http2 any any -> any any (msg:"SURICATA HTTP2 invalid client magic"; flow:established; app-layer-event:http2.invalid_client_magic; classtype:protocol-command-decode; sid:2290001; rev:1;)" from file /etc/suricata/rules/http2-events.rules at line 9
25/3/2026 -- 15:22:53 - <Error> - [ERRCODE: SC_ERR_UNKNOWN_PROTOCOL(124)] - protocol "http2" cannot be used in a signature.  Either detection for this protocol is not yet supported OR detection has been disabled for protocol through the yaml option app-layer.protocols.http2.detection-enabled
25/3/2026 -- 15:22:53 - <Error> - [ERRCODE: SC_ERR_INVALID_SIGNATURE(39)] - error parsing signature "alert http2 any any -> any any (msg:"SURICATA HTTP2 invalid frame data"; flow:established; app-layer-event:http2.invalid_frame_data; classtype:protocol-command-decode; sid:2290002; rev:1;)" from file /etc/suricata/rules/http2-events.rules at line 10
25/3/2026 -- 15:22:53 - <Error> - [ERRCODE: SC_ERR_UNKNOWN_PROTOCOL(124)] - protocol "http2" cannot be used in a signature.  Either detection for this protocol is not yet supported OR detection has been disabled for protocol through the yaml option app-layer.protocols.http2.detection-enabled
25/3/2026 -- 15:22:53 - <Error> - [ERRCODE: SC_ERR_INVALID_SIGNATURE(39)] - error parsing signature "alert http2 any any -> any any (msg:"SURICATA HTTP2 invalid header"; flow:established; app-layer-event:http2.invalid_header; classtype:protocol-command-decode; sid:2290003; rev:1;)" from file /etc/suricata/rules/http2-events.rules at line 11
25/3/2026 -- 15:22:53 - <Error> - [ERRCODE: SC_ERR_UNKNOWN_PROTOCOL(124)] - protocol "http2" cannot be used in a signature.  Either detection for this protocol is not yet supported OR detection has been disabled for protocol through the yaml option app-layer.protocols.http2.detection-enabled
25/3/2026 -- 15:22:53 - <Error> - [ERRCODE: SC_ERR_INVALID_SIGNATURE(39)] - error parsing signature "alert http2 any any -> any any (msg:"SURICATA HTTP2 invalid frame length"; flow:established; app-layer-event:http2.invalid_frame_length; classtype:protocol-command-decode; sid:2290004; rev:1;)" from file /etc/suricata/rules/http2-events.rules at line 12
25/3/2026 -- 15:22:53 - <Error> - [ERRCODE: SC_ERR_UNKNOWN_PROTOCOL(124)] - protocol "http2" cannot be used in a signature.  Either detection for this protocol is not yet supported OR detection has been disabled for protocol through the yaml option app-layer.protocols.http2.detection-enabled
25/3/2026 -- 15:22:53 - <Error> - [ERRCODE: SC_ERR_INVALID_SIGNATURE(39)] - error parsing signature "alert http2 any any -> any any (msg:"SURICATA HTTP2 header frame with extra data"; flow:established; app-layer-event:http2.extra_header_data; classtype:protocol-command-decode; sid:2290005; rev:1;)" from file /etc/suricata/rules/http2-events.rules at line 13
25/3/2026 -- 15:22:53 - <Error> - [ERRCODE: SC_ERR_UNKNOWN_PROTOCOL(124)] - protocol "http2" cannot be used in a signature.  Either detection for this protocol is not yet supported OR detection has been disabled for protocol through the yaml option app-layer.protocols.http2.detection-enabled
25/3/2026 -- 15:22:53 - <Error> - [ERRCODE: SC_ERR_INVALID_SIGNATURE(39)] - error parsing signature "alert http2 any any -> any any (msg:"SURICATA HTTP2 too long frame data"; flow:established; app-layer-event:http2.long_frame_data; classtype:protocol-command-decode; sid:2290006; rev:1;)" from file /etc/suricata/rules/http2-events.rules at line 14
25/3/2026 -- 15:22:53 - <Error> - [ERRCODE: SC_ERR_UNKNOWN_PROTOCOL(124)] - protocol "http2" cannot be used in a signature.  Either detection for this protocol is not yet supported OR detection has been disabled for protocol through the yaml option app-layer.protocols.http2.detection-enabled
25/3/2026 -- 15:22:53 - <Error> - [ERRCODE: SC_ERR_INVALID_SIGNATURE(39)] - error parsing signature "alert http2 any any -> any any (msg:"SURICATA HTTP2 stream identifier reuse"; flow:established; app-layer-event:http2.stream_id_reuse; classtype:protocol-command-decode; sid:2290007; rev:1;)" from file /etc/suricata/rules/http2-events.rules at line 15
25/3/2026 -- 15:22:53 - <Error> - [ERRCODE: SC_ERR_UNKNOWN_PROTOCOL(124)] - protocol "http2" cannot be used in a signature.  Either detection for this protocol is not yet supported OR detection has been disabled for protocol through the yaml option app-layer.protocols.http2.detection-enabled
25/3/2026 -- 15:22:53 - <Error> - [ERRCODE: SC_ERR_INVALID_SIGNATURE(39)] - error parsing signature "alert http2 any any -> any any (msg:"SURICATA HTTP2 invalid HTTP1 settings during upgrade"; flow:established; app-layer-event:http2.invalid_http1_settings; classtype:protocol-command-decode; sid:2290008; rev:1;)" from file /etc/suricata/rules/http2-events.rules at line 16
25/3/2026 -- 15:22:53 - <Error> - [ERRCODE: SC_ERR_UNKNOWN_PROTOCOL(124)] - protocol "http2" cannot be used in a signature.  Either detection for this protocol is not yet supported OR detection has been disabled for protocol through the yaml option app-layer.protocols.http2.detection-enabled
25/3/2026 -- 15:22:53 - <Error> - [ERRCODE: SC_ERR_INVALID_SIGNATURE(39)] - error parsing signature "alert http2 any any -> any any (msg:"SURICATA HTTP2 failed decompression"; flow:established; app-layer-event:http2.failed_decompression; classtype:protocol-command-decode; sid:2290009; rev:1;)" from file /etc/suricata/rules/http2-events.rules at line 17
25/3/2026 -- 15:22:53 - <Info> - 19 rule files processed. 339 rules successfully loaded, 10 rules failed
25/3/2026 -- 15:22:53 - <Info> - Threshold config parsed: 0 rule(s) found
25/3/2026 -- 15:22:53 - <Info> - 339 signatures processed. 0 are IP-only rules, 0 are inspecting packet payload, 162 inspect application layer, 108 are decoder event only
25/3/2026 -- 15:22:53 - <Info> - Going to use 8 thread(s)
25/3/2026 -- 15:22:53 - <Info> - Using unix socket file '/var/run/suricata-command.socket'
25/3/2026 -- 15:22:53 - <Notice> - all 8 packet processing threads, 4 management threads initialized, engine started.
25/3/2026 -- 15:22:54 - <Info> - All AFP capture threads are running.
25/3/2026 -- 16:27:17 - <Notice> - Signal Received.  Stopping engine.
25/3/2026 -- 16:27:17 - <Info> - time elapsed 3863.748s
25/3/2026 -- 16:27:17 - <Info> - Alerts: 0
25/3/2026 -- 16:27:18 - <Info> - cleaning up signature grouping structure... complete
25/3/2026 -- 16:27:18 - <Notice> - Stats for 'eth2':  pkts: 11, drop: 0 (0.00%), invalid chksum: 0
